Flow report for M_Player
Sat May 16 13:40:22 2020
Quartus II 64-Bit Version 13.1.0 Build 162 10/23/2013 SJ Full Version


---------------------
; Table of Contents ;
---------------------
  1. Legal Notice
  2. Flow Summary
  3. Flow Settings
  4. Flow Non-Default Global Settings
  5. Flow Elapsed Time
  6. Flow OS Summary
  7. Flow Log
  8. Flow Messages
  9. Flow Suppressed Messages



----------------
; Legal Notice ;
----------------
Copyright (C) 1991-2013 Altera Corporation
Your use of Altera Corporation's design tools, logic functions 
and other software and tools, and its AMPP partner logic 
functions, and any output files from any of the foregoing 
(including device programming or simulation files), and any 
associated documentation or information are expressly subject 
to the terms and conditions of the Altera Program License 
Subscription Agreement, Altera MegaCore Function License 
Agreement, or other applicable license agreement, including, 
without limitation, that your use is for the sole purpose of 
programming logic devices manufactured by Altera and sold by 
Altera or its authorized distributors.  Please refer to the 
applicable agreement for further details.



+----------------------------------------------------------------------------------+
; Flow Summary                                                                     ;
+------------------------------------+---------------------------------------------+
; Flow Status                        ; Successful - Sat May 16 13:40:22 2020       ;
; Quartus II 64-Bit Version          ; 13.1.0 Build 162 10/23/2013 SJ Full Version ;
; Revision Name                      ; M_Player                                    ;
; Top-level Entity Name              ; M_Player                                    ;
; Family                             ; Cyclone IV E                                ;
; Device                             ; EP4CE6E22C8                                 ;
; Timing Models                      ; Final                                       ;
; Total logic elements               ; 92 / 6,272 ( 1 % )                          ;
;     Total combinational functions  ; 85 / 6,272 ( 1 % )                          ;
;     Dedicated logic registers      ; 54 / 6,272 ( < 1 % )                        ;
; Total registers                    ; 54                                          ;
; Total pins                         ; 16 / 92 ( 17 % )                            ;
; Total virtual pins                 ; 0                                           ;
; Total memory bits                  ; 1,024 / 276,480 ( < 1 % )                   ;
; Embedded Multiplier 9-bit elements ; 0 / 30 ( 0 % )                              ;
; Total PLLs                         ; 1 / 2 ( 50 % )                              ;
+------------------------------------+---------------------------------------------+


+-----------------------------------------+
; Flow Settings                           ;
+-------------------+---------------------+
; Option            ; Setting             ;
+-------------------+---------------------+
; Start date & time ; 05/16/2020 13:40:03 ;
; Main task         ; Compilation         ;
; Revision Name     ; M_Player            ;
+-------------------+---------------------+


+-----------------------------------------------------------------------------------------------------------------------------+
; Flow Non-Default Global Settings                                                                                            ;
+--------------------------------------+-----------------------------------+---------------+-------------+--------------------+
; Assignment Name                      ; Value                             ; Default Value ; Entity Name ; Section Id         ;
+--------------------------------------+-----------------------------------+---------------+-------------+--------------------+
; COMPILER_SIGNATURE_ID                ; 220045543857790.158960760322444   ; --            ; --          ; --                 ;
; EDA_DESIGN_INSTANCE_NAME             ; NA                                ; --            ; --          ; FDIV_tb            ;
; EDA_DESIGN_INSTANCE_NAME             ; NA                                ; --            ; --          ; CNT138T_tb         ;
; EDA_DESIGN_INSTANCE_NAME             ; NA                                ; --            ; --          ; F_CODE_tb          ;
; EDA_DESIGN_INSTANCE_NAME             ; NA                                ; --            ; --          ; SPKER_tb           ;
; EDA_DESIGN_INSTANCE_NAME             ; NA                                ; --            ; --          ; beep_controller_tb ;
; EDA_DESIGN_INSTANCE_NAME             ; NA                                ; --            ; --          ; rom_controller_tb  ;
; EDA_DESIGN_INSTANCE_NAME             ; NA                                ; --            ; --          ; seg7_tb            ;
; EDA_DESIGN_INSTANCE_NAME             ; NA                                ; --            ; --          ; pll_controller_tb  ;
; EDA_DESIGN_INSTANCE_NAME             ; NA                                ; --            ; --          ; M_Player_tb        ;
; EDA_DESIGN_INSTANCE_NAME             ; NA                                ; --            ; --          ; test_tb            ;
; EDA_NATIVELINK_SIMULATION_TEST_BENCH ; M_Player_tb                       ; --            ; --          ; eda_simulation     ;
; EDA_OUTPUT_DATA_FORMAT               ; Verilog Hdl                       ; --            ; --          ; eda_simulation     ;
; EDA_SIMULATION_TOOL                  ; ModelSim-Altera (Verilog)         ; <None>        ; --          ; --                 ;
; EDA_TEST_BENCH_ENABLE_STATUS         ; TEST_BENCH_MODE                   ; --            ; --          ; eda_simulation     ;
; EDA_TEST_BENCH_FILE                  ; source_code/FDIV_tb.v             ; --            ; --          ; FDIV_tb            ;
; EDA_TEST_BENCH_FILE                  ; source_code/CNT138T_tb.v          ; --            ; --          ; CNT138T_tb         ;
; EDA_TEST_BENCH_FILE                  ; source_code/F_CODE_tb.v           ; --            ; --          ; F_CODE_tb          ;
; EDA_TEST_BENCH_FILE                  ; source_code/SPKER_tb.v            ; --            ; --          ; SPKER_tb           ;
; EDA_TEST_BENCH_FILE                  ; source_code/beep_controller_tb.v  ; --            ; --          ; beep_controller_tb ;
; EDA_TEST_BENCH_FILE                  ; source_code/rom_controller_tb.v   ; --            ; --          ; rom_controller_tb  ;
; EDA_TEST_BENCH_FILE                  ; source_code/seg7_tb.v             ; --            ; --          ; seg7_tb            ;
; EDA_TEST_BENCH_FILE                  ; source_code/pll_controller_tb.v   ; --            ; --          ; pll_controller_tb  ;
; EDA_TEST_BENCH_FILE                  ; source_code/M_Player_tb.v         ; --            ; --          ; M_Player_tb        ;
; EDA_TEST_BENCH_FILE                  ; source_code/test_tb.v             ; --            ; --          ; test_tb            ;
; EDA_TEST_BENCH_MODULE_NAME           ; FDIV_tb                           ; --            ; --          ; FDIV_tb            ;
; EDA_TEST_BENCH_MODULE_NAME           ; CNT138T_tb                        ; --            ; --          ; CNT138T_tb         ;
; EDA_TEST_BENCH_MODULE_NAME           ; F_CODE_tb                         ; --            ; --          ; F_CODE_tb          ;
; EDA_TEST_BENCH_MODULE_NAME           ; SPKER_tb                          ; --            ; --          ; SPKER_tb           ;
; EDA_TEST_BENCH_MODULE_NAME           ; beep_controller_tb                ; --            ; --          ; beep_controller_tb ;
; EDA_TEST_BENCH_MODULE_NAME           ; rom_controller_tb                 ; --            ; --          ; rom_controller_tb  ;
; EDA_TEST_BENCH_MODULE_NAME           ; seg7_tb                           ; --            ; --          ; seg7_tb            ;
; EDA_TEST_BENCH_MODULE_NAME           ; pll_controller_tb                 ; --            ; --          ; pll_controller_tb  ;
; EDA_TEST_BENCH_MODULE_NAME           ; M_Player_tb                       ; --            ; --          ; M_Player_tb        ;
; EDA_TEST_BENCH_MODULE_NAME           ; test_tb                           ; --            ; --          ; test_tb            ;
; EDA_TEST_BENCH_NAME                  ; FDIV_tb                           ; --            ; --          ; eda_simulation     ;
; EDA_TEST_BENCH_NAME                  ; CNT138T_tb                        ; --            ; --          ; eda_simulation     ;
; EDA_TEST_BENCH_NAME                  ; F_CODE_tb                         ; --            ; --          ; eda_simulation     ;
; EDA_TEST_BENCH_NAME                  ; SPKER_tb                          ; --            ; --          ; eda_simulation     ;
; EDA_TEST_BENCH_NAME                  ; beep_controller_tb                ; --            ; --          ; eda_simulation     ;
; EDA_TEST_BENCH_NAME                  ; rom_controller_tb                 ; --            ; --          ; eda_simulation     ;
; EDA_TEST_BENCH_NAME                  ; seg7_tb                           ; --            ; --          ; eda_simulation     ;
; EDA_TEST_BENCH_NAME                  ; pll_controller_tb                 ; --            ; --          ; eda_simulation     ;
; EDA_TEST_BENCH_NAME                  ; M_Player_tb                       ; --            ; --          ; eda_simulation     ;
; EDA_TEST_BENCH_NAME                  ; test_tb                           ; --            ; --          ; eda_simulation     ;
; EDA_TIME_SCALE                       ; 1 us                              ; --            ; --          ; eda_simulation     ;
; IP_TOOL_NAME                         ; ALTPLL                            ; --            ; --          ; --                 ;
; IP_TOOL_NAME                         ; ROM: 1-PORT                       ; --            ; --          ; --                 ;
; IP_TOOL_VERSION                      ; 13.1                              ; --            ; --          ; --                 ;
; IP_TOOL_VERSION                      ; 13.1                              ; --            ; --          ; --                 ;
; MAX_CORE_JUNCTION_TEMP               ; 85                                ; --            ; --          ; --                 ;
; MIN_CORE_JUNCTION_TEMP               ; 0                                 ; --            ; --          ; --                 ;
; MISC_FILE                            ; ip_core/pll/pll_controller_inst.v ; --            ; --          ; --                 ;
; MISC_FILE                            ; ip_core/pll/pll_controller_bb.v   ; --            ; --          ; --                 ;
; MISC_FILE                            ; ip_core/pll/pll_controller.ppf    ; --            ; --          ; --                 ;
; MISC_FILE                            ; ip_core/rom/rom_controller_inst.v ; --            ; --          ; --                 ;
; MISC_FILE                            ; ip_core/rom/rom_controller_bb.v   ; --            ; --          ; --                 ;
; NOMINAL_CORE_SUPPLY_VOLTAGE          ; 1.2V                              ; --            ; --          ; --                 ;
; PARTITION_COLOR                      ; 16764057                          ; --            ; --          ; Top                ;
; PARTITION_FITTER_PRESERVATION_LEVEL  ; PLACEMENT_AND_ROUTING             ; --            ; --          ; Top                ;
; PARTITION_NETLIST_TYPE               ; SOURCE                            ; --            ; --          ; Top                ;
; PROJECT_OUTPUT_DIRECTORY             ; output_files                      ; --            ; --          ; --                 ;
+--------------------------------------+-----------------------------------+---------------+-------------+--------------------+


+-------------------------------------------------------------------------------------------------------------------------------+
; Flow Elapsed Time                                                                                                             ;
+---------------------------+--------------+-------------------------+---------------------+------------------------------------+
; Module Name               ; Elapsed Time ; Average Processors Used ; Peak Virtual Memory ; Total CPU Time (on all processors) ;
+---------------------------+--------------+-------------------------+---------------------+------------------------------------+
; Analysis & Synthesis      ; 00:00:02     ; 1.0                     ; 4654 MB             ; 00:00:02                           ;
; Fitter                    ; 00:00:06     ; 1.0                     ; 5362 MB             ; 00:00:07                           ;
; Assembler                 ; 00:00:01     ; 1.0                     ; 4600 MB             ; 00:00:01                           ;
; TimeQuest Timing Analyzer ; 00:00:03     ; 1.0                     ; 4675 MB             ; 00:00:03                           ;
; EDA Netlist Writer        ; 00:00:01     ; 1.0                     ; 4544 MB             ; 00:00:01                           ;
; Total                     ; 00:00:13     ; --                      ; --                  ; 00:00:14                           ;
+---------------------------+--------------+-------------------------+---------------------+------------------------------------+


+----------------------------------------------------------------------------------------+
; Flow OS Summary                                                                        ;
+---------------------------+------------------+-----------+------------+----------------+
; Module Name               ; Machine Hostname ; OS Name   ; OS Version ; Processor type ;
+---------------------------+------------------+-----------+------------+----------------+
; Analysis & Synthesis      ; LAPTOP-V6SUFJHA  ; Windows 7 ; 6.2        ; x86_64         ;
; Fitter                    ; LAPTOP-V6SUFJHA  ; Windows 7 ; 6.2        ; x86_64         ;
; Assembler                 ; LAPTOP-V6SUFJHA  ; Windows 7 ; 6.2        ; x86_64         ;
; TimeQuest Timing Analyzer ; LAPTOP-V6SUFJHA  ; Windows 7 ; 6.2        ; x86_64         ;
; EDA Netlist Writer        ; LAPTOP-V6SUFJHA  ; Windows 7 ; 6.2        ; x86_64         ;
+---------------------------+------------------+-----------+------------+----------------+


------------
; Flow Log ;
------------
quartus_map --read_settings_files=on --write_settings_files=off M_Player -c M_Player
quartus_fit --read_settings_files=off --write_settings_files=off M_Player -c M_Player
quartus_asm --read_settings_files=off --write_settings_files=off M_Player -c M_Player
quartus_sta M_Player -c M_Player
quartus_eda --read_settings_files=off --write_settings_files=off M_Player -c M_Player



